0 info it worked if it ends with ok
1 verbose cli [ 'C:\\Program Files\\nodejs\\\\node.exe',
1 verbose cli   'C:\\Program Files\\nodejs\\node_modules\\npm\\bin\\npm-cli.js',
1 verbose cli   'run',
1 verbose cli   'cover' ]
2 info using npm@1.3.24
3 info using node@v0.10.25
4 verbose node symlink C:\Program Files\nodejs\\node.exe
5 verbose run-script [ 'precover', 'cover', 'postcover' ]
6 info precover game@0.0.0
7 info cover game@0.0.0
8 verbose unsafe-perm in lifecycle true
9 info game@0.0.0 Failed to exec cover script
10 error game@0.0.0 cover: `istanbul cover ./node_modules/.bin/_mocha test/GameSpec.js`
10 error Exit status 8
11 error Failed at the game@0.0.0 cover script.
11 error This is most likely a problem with the game package,
11 error not with npm itself.
11 error Tell the author that this fails on your system:
11 error     istanbul cover ./node_modules/.bin/_mocha test/GameSpec.js
11 error You can get their info via:
11 error     npm owner ls game
11 error There is likely additional logging output above.
12 error System Windows_NT 6.1.7601
13 error command "C:\\Program Files\\nodejs\\\\node.exe" "C:\\Program Files\\nodejs\\node_modules\\npm\\bin\\npm-cli.js" "run" "cover"
14 error cwd C:\Users\Julian\Studium\2_SS13\ComGraf\projekt_Release
15 error node -v v0.10.25
16 error npm -v 1.3.24
17 error code ELIFECYCLE
18 verbose exit [ 1, true ]
